<?xml version="1.0" encoding="UTF-8"?>
<!-- Generated by org.testng.reporters.JUnitReportReporter -->
<testsuite hostname="ASUS-TUF-Gaming-A17" failures="0" tests="1" name="pos.scripts.Demo1" time="3.614" errors="0" timestamp="26 Jun 2023 08:44:03 GMT" skipped="0">
  <testcase classname="pos.scripts.Demo1" name="testA" time="3.614"/>
</testsuite> <!-- pos.scripts.Demo1 -->
