<?xml version="1.0" encoding="UTF-8"?>
<!-- Generated by org.testng.reporters.JUnitReportReporter -->
<testsuite hostname="ASUS-TUF-Gaming-A17" failures="0" tests="1" name="posScripts.Demo1" time="10.319" errors="0" timestamp="26 Jun 2023 06:53:34 GMT" skipped="0">
  <testcase classname="posScripts.Demo1" name="testA" time="10.319"/>
</testsuite> <!-- posScripts.Demo1 -->
